
----------------------------------------------------------------------------------------------


                                           ____     _  _____ _____  
                       ___  __ _ ___ _   _|  _ \   / \|_   _| ____| 
                      / _ \/ _` / __| | | | |_) | / _ \ | | |  ___|   
                     |  __/ (_| \__ \ |_| |  _ < / ___ \| | | |___  
                      \___|\__,_|___/\__, |_| \_\_/   \_\_| |_____| 
                                     |___/                           
                    
  *   easyRATE v1.0.0               
  *   KANG MinGi
  *   kangmg@korea.ac.kr                 
  *   https://github.com/kangmg/easyRATE

----------------------------------------------------------------------------------------------

                                  # Rxn info. #                                  

   Reaction Symmetry :   1.0
   Imaginary Freq.   :   -1167.5088  [cm^-1]         -35001033288863.043  [s^-1] 
   Reactant Energy   :   -2362855893.379093  [J/mol]         -2362855.893379093  [kJ/mol]
   Product  Energy   :   -2362516437.180583  [J/mol]         -2362516.437180583  [kJ/mol]
   Reation Barrier   :   339456.1985102482  [J/mol]         339.4561985102482  [kJ/mol] 

----------------------------------------------------------------------------------------------

  #  Temperature List  #  

Total Temperature List : [273.15, 280.0, 290.0, 293.15, 298.15, 300.0, 310.0, 320.0, 330.0, 340.0, 350.0, 360.0, 370.0, 380.0, 390.0, 400.0, 410.0, 420.0, 430.0, 440.0, 450.0, 460.0, 470.0, 480.0, 490.0, 500.0, 510.0, 520.0, 530.0, 540.0, 550.0, 560.0, 570.0, 580.0, 590.0, 600.0]

----------------------------------------------------------------------------------------------

 # Result # 

Temperature       kappa_wig         k_eyring              dacay time (50.0 %)
----------------------------------------------------------------------------------------------
273.15            2.5800            1.7906E-52            1.2275238061825334e+44 years 2 months
280.00            2.5000            6.8987E-51            3.1860577854434195e+42 years 10 months
290.00            2.4000            1.0462E-48            2.100961014328975e+40 years 1 months
293.15            2.3700            4.7406E-48            4.63644785678125e+39 years 2 months
298.15            2.3200            4.8874E-47            4.497142084871863e+38 years 2 months
300.00            2.3100            1.1362E-46            1.9345010741951993e+38 years 11 months
310.00            2.2200            9.1275E-45            2.4080665916128527e+36 years 23 days
320.00            2.1500            5.5794E-43            3.9394449601675448e+34 years 14 days
330.00            2.0800            2.6604E-41            8.261850307877308e+32 years 8 months
340.00            2.0200            1.0114E-39            2.1730761241822816e+31 years 8 months
350.00            1.9600            3.1262E-38            7.030668885086743e+29 years 11 months
360.00            1.9100            7.9923E-37            2.750102833096588e+28 years 5 months
370.00            1.8600            1.7162E-35            1.2807052802207063e+27 years 5 months
380.00            1.8100            3.1383E-34            7.003561257905384e+25 years 7 months
390.00            1.7700            4.9480E-33            4.4421512935111147e+24 years 10 months
400.00            1.7300            6.8010E-32            3.231800879778703e+23 years 4 months
410.00            1.7000            8.2319E-31            2.6700304553689636e+22 years 11 months
420.00            1.6700            8.8543E-30            2.4823724995285536e+21 years 1 months
430.00            1.6400            8.5329E-29            2.575861004996672e+20 years 5 months
440.00            1.6100            7.4231E-28            2.9609658416306274e+19 years 9 months
450.00            1.5800            5.8692E-27            3.744894688484213e+18 years 3 months
460.00            1.5600            4.2441E-26            5.178909643359534e+17 years 2 months
470.00            1.5300            2.8227E-25            7.786762950211968e+16 years 10 months
480.00            1.5100            1.7358E-24            1.2662777242720764e+16 years 9 months
490.00            1.4900            9.9162E-24            2216526536349124.0 years 12 days
500.00            1.4700            5.2862E-23            415789922543753.0 years 8 months
510.00            1.4500            2.6403E-22            83246759836806.0 years 9 months
520.00            1.4300            1.2402E-21            17722464567945.0 years 11 months
530.00            1.4200            5.4977E-21            3997958334713.0 years 5 months
540.00            1.4000            2.3073E-20            952610330635.0 years 4 months
550.00            1.3900            9.1951E-20            239035323386.0 years 2 months
560.00            1.3700            3.4893E-19            62990909906.0 years 11 months
570.00            1.3600            1.2641E-18            17387860120.0 years 6 months
580.00            1.3500            4.3822E-18            5015650536.0 years 8 months
590.00            1.3400            1.4570E-17            1508523682.0 years 11 days
600.00            1.3300            4.6559E-17            472080592.0 years 2 months
